<?xml version="1.0" encoding="UTF-8"?>
<!-- Generated by org.testng.reporters.JUnitXMLReporter -->
<testsuite ignored="0" hostname="Prabhakar" failures="0" tests="1" name="BankingApp Test" time="0.106" errors="0" timestamp="2022-03-31T21:35:18 IST">
  <testcase classname="com.sbiBanking.testcases.BaseClass" name="@BeforeClass setup" time="-1.648742718377E9">
    <failure type="org.testng.TestNGException" message="
Can inject only one of &amp;lt;ITestContext, XmlTest&amp;gt; into a @BeforeClass annotated setup.
For more information on native dependency injection please refer to https://testng.org/doc/documentation-main.html#native-dependency-injection">
      <![CDATA[org.testng.TestNGException: 
Can inject only one of <ITestContext, XmlTest> into a @BeforeClass annotated setup.
For more information on native dependency injection please refer to https://testng.org/doc/documentation-main.html#native-dependency-injection
at java.base/java.util.ArrayList.forEach(ArrayList.java:1511)
... Removed 22 stack frames]]>
    </failure>
  </testcase> <!-- @BeforeClass setup -->
  <testcase classname="com.sbiBanking.testcases.BaseClass" name="@AfterClass teardown" time="0.0">
    <skipped/>
  </testcase> <!-- @AfterClass teardown -->
  <testcase classname="com.sbiBanking.testcases.TC_CheckLoginTest_01" name="CheckloginTest" time="0.0">
    <skipped/>
  </testcase> <!-- CheckloginTest -->
</testsuite> <!-- BankingApp Test -->
